<?xml version="1.0"?>
<testsuites>
  <testsuite name="PhantomJS 2.1.1 (Windows 7 0.0.0)" package="" timestamp="2016-07-14T11:07:18" id="0" hostname="PCLLE127" tests="0" errors="1" failures="0" time="0">
    <properties>
      <property name="browser.fullName" value="Mozilla/5.0 (Windows NT 6.1; WOW64) AppleWebKit/538.1 (KHTML, like Gecko) PhantomJS/2.1.1 Safari/538.1"/>
    </properties>
    <system-out><![CDATA[PhantomJS 2.1.1 (Windows 7 0.0.0) ERROR
  Error: [$injector:nomod] http://errors.angularjs.org/1.4.12/$injector/nomod?p0=loginModule
  at C:/Users/RRRS/Documents/angular/AppverseProject/app/bower_components/angular/angular.min.js:24

]]></system-out>
    <system-err/>
  </testsuite>
</testsuites>
